{"contracts/Task1.sol":{"l":{"20":1,"28":1},"path":"/home/kcpele/Desktop/typescript hardhat/contracts/Task1.sol","s":{"1":1,"2":1},"b":{},"f":{"1":1,"2":1},"fnMap":{"1":{"name":"deposit","line":19,"loc":{"start":{"line":19,"column":4},"end":{"line":21,"column":4}}},"2":{"name":"checkBalance","line":27,"loc":{"start":{"line":27,"column":4},"end":{"line":29,"column":4}}}},"statementMap":{"1":{"start":{"line":20,"column":8},"end":{"line":20,"column":36}},"2":{"start":{"line":28,"column":8},"end":{"line":28,"column":34}}},"branchMap":{}},"contracts/Task2.sol":{"l":{"29":1,"37":1,"45":1,"62":1},"path":"/home/kcpele/Desktop/typescript hardhat/contracts/Task2.sol","s":{"1":1,"2":1,"3":1,"4":1},"b":{},"f":{"1":1,"2":1,"3":1,"4":1},"fnMap":{"1":{"name":"deposit","line":28,"loc":{"start":{"line":28,"column":4},"end":{"line":30,"column":4}}},"2":{"name":"checkBalance","line":36,"loc":{"start":{"line":36,"column":4},"end":{"line":38,"column":4}}},"3":{"name":"setUserDetails","line":44,"loc":{"start":{"line":44,"column":4},"end":{"line":52,"column":4}}},"4":{"name":"getUserDetail","line":61,"loc":{"start":{"line":61,"column":4},"end":{"line":63,"column":4}}}},"statementMap":{"1":{"start":{"line":29,"column":8},"end":{"line":29,"column":36}},"2":{"start":{"line":37,"column":8},"end":{"line":37,"column":34}},"3":{"start":{"line":45,"column":8},"end":{"line":45,"column":50}},"4":{"start":{"line":62,"column":8},"end":{"line":62,"column":38}}},"branchMap":{}},"contracts/Task3.sol":{"l":{"35":2,"36":1,"38":1,"41":3,"42":1,"44":2,"47":2,"48":1,"50":1,"58":3,"63":4,"71":3,"79":1,"96":1,"101":1,"102":1,"106":1},"path":"/home/kcpele/Desktop/typescript hardhat/contracts/Task3.sol","s":{"1":2,"2":3,"3":2,"4":3,"5":4,"6":3,"7":1,"8":1,"9":1,"10":1,"11":1},"b":{"1":[1,1],"2":[1,2],"3":[1,1]},"f":{"1":2,"2":3,"3":2,"4":3,"5":4,"6":3,"7":1,"8":1,"9":1,"10":1},"fnMap":{"1":{"name":"onlyOwner","line":34,"loc":{"start":{"line":34,"column":4},"end":{"line":39,"column":4}}},"2":{"name":"hasDeposited","line":40,"loc":{"start":{"line":40,"column":4},"end":{"line":45,"column":4}}},"3":{"name":"checkAmount","line":46,"loc":{"start":{"line":46,"column":4},"end":{"line":51,"column":4}}},"4":{"name":"constructor","line":57,"loc":{"start":{"line":57,"column":4},"end":{"line":59,"column":4}}},"5":{"name":"deposit","line":62,"loc":{"start":{"line":62,"column":4},"end":{"line":64,"column":4}}},"6":{"name":"checkBalance","line":70,"loc":{"start":{"line":70,"column":4},"end":{"line":72,"column":4}}},"7":{"name":"setUserDetails","line":78,"loc":{"start":{"line":78,"column":4},"end":{"line":86,"column":4}}},"8":{"name":"getUserDetail","line":95,"loc":{"start":{"line":95,"column":4},"end":{"line":97,"column":4}}},"9":{"name":"withdraw","line":100,"loc":{"start":{"line":100,"column":4},"end":{"line":103,"column":4}}},"10":{"name":"addFund","line":105,"loc":{"start":{"line":105,"column":4},"end":{"line":107,"column":4}}}},"statementMap":{"1":{"start":{"line":35,"column":7},"end":{"line":35,"column":1137}},"2":{"start":{"line":41,"column":8},"end":{"line":41,"column":1263}},"3":{"start":{"line":47,"column":8},"end":{"line":47,"column":1466}},"4":{"start":{"line":58,"column":8},"end":{"line":58,"column":25}},"5":{"start":{"line":63,"column":8},"end":{"line":63,"column":36}},"6":{"start":{"line":71,"column":8},"end":{"line":71,"column":34}},"7":{"start":{"line":79,"column":8},"end":{"line":79,"column":50}},"8":{"start":{"line":96,"column":8},"end":{"line":96,"column":38}},"9":{"start":{"line":101,"column":8},"end":{"line":101,"column":41}},"10":{"start":{"line":102,"column":8},"end":{"line":102,"column":33}},"11":{"start":{"line":106,"column":7},"end":{"line":106,"column":36}}},"branchMap":{"1":{"line":35,"type":"if","locations":[{"start":{"line":35,"column":7},"end":{"line":35,"column":7}},{"start":{"line":35,"column":7},"end":{"line":35,"column":7}}]},"2":{"line":41,"type":"if","locations":[{"start":{"line":41,"column":8},"end":{"line":41,"column":8}},{"start":{"line":41,"column":8},"end":{"line":41,"column":8}}]},"3":{"line":47,"type":"if","locations":[{"start":{"line":47,"column":8},"end":{"line":47,"column":8}},{"start":{"line":47,"column":8},"end":{"line":47,"column":8}}]}}}}